<?xml version="1.0" encoding="UTF-8"?>
<testng-results ignored="0" total="1" passed="1" failed="0" skipped="0">
  <reporter-output>
  </reporter-output>
  <suite started-at="2018-11-18T20:21:25Z" name="Default suite" finished-at="2018-11-18T20:21:43Z" duration-ms="18220">
    <groups>
    </groups>
    <test started-at="2018-11-18T20:21:25Z" name="Default test" finished-at="2018-11-18T20:21:43Z" duration-ms="18220">
      <class name="tests.DownloadData">
        <test-method is-config="true" signature="beforeTest()[pri:0, instance:tests.DownloadData@68e5eea7]" started-at="2018-11-18T21:21:25Z" name="beforeTest" finished-at="2018-11-18T21:21:29Z" duration-ms="4412" status="PASS">
          <reporter-output>
          </reporter-output>
        </test-method> <!-- beforeTest -->
        <test-method signature="testEasy()[pri:0, instance:tests.DownloadData@68e5eea7]" started-at="2018-11-18T21:21:29Z" name="testEasy" finished-at="2018-11-18T21:21:40Z" duration-ms="11182" status="PASS">
          <reporter-output>
          </reporter-output>
        </test-method> <!-- testEasy -->
        <test-method is-config="true" signature="afterTest()[pri:0, instance:tests.DownloadData@68e5eea7]" started-at="2018-11-18T21:21:40Z" name="afterTest" finished-at="2018-11-18T21:21:43Z" duration-ms="2592" status="PASS">
          <reporter-output>
          </reporter-output>
        </test-method> <!-- afterTest -->
      </class> <!-- tests.DownloadData -->
    </test> <!-- Default test -->
  </suite> <!-- Default suite -->
</testng-results>
